Using pre-set license
Built from '2020.3/staging' branch; Version is '2020.3.3f1 (76626098c1c4) revision 7758432'; Using compiler version '192528614'; Build Type 'Release'
OS: 'Windows 10 Home Single Language; OS build 19042.985; Version 2009; 64bit' Language: 'pt' Physical Memory: 16250 MB
BatchMode: 1, IsHumanControllingUs: 0, StartBugReporterOnCrash: 0, Is64bit: 1, IsPro: 0

 COMMAND LINE ARGUMENTS:
D:\Program Files\Unity Editor\2020.3.3f1\Editor\Unity.exe
-adb2
-batchMode
-noUpm
-name
AssetImportWorker0
-projectPath
E:/Unity Projects/13.Recycle Cannon/Recycle-Cannon-Challenge
-logFile
Logs/AssetImportWorker0.log
-srvPort
64459
Successfully changed project path to: E:/Unity Projects/13.Recycle Cannon/Recycle-Cannon-Challenge
E:/Unity Projects/13.Recycle Cannon/Recycle-Cannon-Challenge
Using Asset Import Pipeline V2.
Refreshing native plugins compatible for Editor in 43.99 ms, found 0 plugins.
Preloading 0 native plugins for Editor in 0.00 ms.
Initialize engine version: 2020.3.3f1 (76626098c1c4)
[Subsystems] Discovering subsystems at path D:/Program Files/Unity Editor/2020.3.3f1/Editor/Data/Resources/UnitySubsystems
[Subsystems] Discovering subsystems at path E:/Unity Projects/13.Recycle Cannon/Recycle-Cannon-Challenge/Assets
GfxDevice: creating device client; threaded=0
Direct3D:
    Version:  Direct3D 11.0 [level 11.1]
    Renderer: Intel(R) HD Graphics 520 (ID=0x1916)
    Vendor:   
    VRAM:     8125 MB
    Driver:   21.20.16.4599
Initialize mono
Mono path[0] = 'D:/Program Files/Unity Editor/2020.3.3f1/Editor/Data/Managed'
Mono path[1] = 'D:/Program Files/Unity Editor/2020.3.3f1/Editor/Data/MonoBleedingEdge/lib/mono/unityjit'
Mono config path = 'D:/Program Files/Unity Editor/2020.3.3f1/Editor/Data/MonoBleedingEdge/etc'
Using monoOptions --debugger-agent=transport=dt_socket,embedding=1,server=y,suspend=n,address=127.0.0.1:56836
Begin MonoManager ReloadAssembly
Registering precompiled unity dll's ...
Register platform support module: D:/Program Files/Unity Editor/2020.3.3f1/Editor/Data/PlaybackEngines/WindowsStandaloneSupport/UnityEditor.WindowsStandalone.Extensions.dll
Registered in 0.001879 seconds.
Native extension for WindowsStandalone target not found
Refreshing native plugins compatible for Editor in 42.73 ms, found 0 plugins.
Preloading 0 native plugins for Editor in 0.00 ms.
Invoked RoslynAnalysisRunner static constructor.
RoslynAnalysisRunner will not be running.
RoslynAnalysisRunner has terminated.
Mono: successfully reloaded assembly
- Completed reload, in  2.385 seconds
Platform modules already initialized, skipping
Registering precompiled user dll's ...
Registered in 0.000958 seconds.
Begin MonoManager ReloadAssembly
Native extension for WindowsStandalone target not found
Refreshing native plugins compatible for Editor in 0.43 ms, found 0 plugins.
Preloading 0 native plugins for Editor in 0.00 ms.
Invoked RoslynAnalysisRunner static constructor.
RoslynAnalysisRunner will not be running.
RoslynAnalysisRunner has terminated.
Mono: successfully reloaded assembly
- Completed reload, in  1.911 seconds
Platform modules already initialized, skipping
========================================================================
Worker process is ready to serve import requests
Launched and connected shader compiler UnityShaderCompiler.exe after 0.11 seconds
Refreshing native plugins compatible for Editor in 1.95 ms, found 0 plugins.
Preloading 0 native plugins for Editor in 0.00 ms.
Unloading 1250 Unused Serialized files (Serialized files now loaded: 0)
System memory in use before: 61.5 MB.
System memory in use after: 61.5 MB.

Unloading 22 unused Assets to reduce memory usage. Loaded Objects now: 1687.
Total: 60.837400 ms (FindLiveObjects: 0.446900 ms CreateObjectMapping: 0.140000 ms MarkObjects: 60.120500 ms  DeleteObjects: 0.127600 ms)

========================================================================
Received Import Request.
  path: Assets/TowerDefence_Vsquad/Prefabs/Buildings/HM_Fence1.prefab
  artifactKey: Guid(8f2fa1f27f7fa48478516155ae166266) Importer(815301076,1909f56bfc062723c751e8b465ee728b)
Start importing Assets/TowerDefence_Vsquad/Prefabs/Buildings/HM_Fence1.prefab using Guid(8f2fa1f27f7fa48478516155ae166266) Importer(815301076,1909f56bfc062723c751e8b465ee728b)  -> (artifact id: '59cb1eb85984d4bb6975a47ad97d2cf2') in 0.302237 seconds
  Import took 0.308557 seconds .

========================================================================
Received Prepare
Refreshing native plugins compatible for Editor in 59.69 ms, found 0 plugins.
Preloading 0 native plugins for Editor in 0.00 ms.
Unloading 15 Unused Serialized files (Serialized files now loaded: 0)
System memory in use before: 40.0 MB.
System memory in use after: 40.1 MB.

Unloading 15 unused Assets to reduce memory usage. Loaded Objects now: 1694.
Total: 4.625300 ms (FindLiveObjects: 0.261100 ms CreateObjectMapping: 1.054600 ms MarkObjects: 3.274500 ms  DeleteObjects: 0.033000 ms)

========================================================================
Received Import Request.
  Time since last request: 131.391598 seconds.
  path: Assets/Scenes/GameScene.unity
  artifactKey: Guid(9fc0d4010bbf28b4594072e72b8655ab) Importer(815301076,1909f56bfc062723c751e8b465ee728b)
Start importing Assets/Scenes/GameScene.unity using Guid(9fc0d4010bbf28b4594072e72b8655ab) Importer(815301076,1909f56bfc062723c751e8b465ee728b)  -> (artifact id: '23f0d1e814bc72515a16f3bc9644e610') in 0.011194 seconds
  Import took 0.015901 seconds .

========================================================================
Received Import Request.
  Time since last request: 0.001566 seconds.
  path: Assets/Scenes/GameScene.unity
  artifactKey: Guid(9fc0d4010bbf28b4594072e72b8655ab) Importer(815301076,1909f56bfc062723c751e8b465ee728b)
Start importing Assets/Scenes/GameScene.unity using Guid(9fc0d4010bbf28b4594072e72b8655ab) Importer(815301076,1909f56bfc062723c751e8b465ee728b)  -> (artifact id: '23f0d1e814bc72515a16f3bc9644e610') in 0.003761 seconds
  Import took 0.007442 seconds .

========================================================================
Received Prepare
Registering precompiled user dll's ...
Registered in 0.000924 seconds.
Begin MonoManager ReloadAssembly
Native extension for WindowsStandalone target not found
Refreshing native plugins compatible for Editor in 0.45 ms, found 0 plugins.
Preloading 0 native plugins for Editor in 0.00 ms.
Invoked RoslynAnalysisRunner static constructor.
RoslynAnalysisRunner will not be running.
RoslynAnalysisRunner has terminated.
Mono: successfully reloaded assembly
- Completed reload, in  1.142 seconds
Platform modules already initialized, skipping
Refreshing native plugins compatible for Editor in 1.72 ms, found 0 plugins.
Preloading 0 native plugins for Editor in 0.00 ms.
Unloading 1243 Unused Serialized files (Serialized files now loaded: 0)
System memory in use before: 64.3 MB.
System memory in use after: 64.4 MB.

Unloading 17 unused Assets to reduce memory usage. Loaded Objects now: 1697.
Total: 4.043500 ms (FindLiveObjects: 0.281800 ms CreateObjectMapping: 0.104200 ms MarkObjects: 3.609000 ms  DeleteObjects: 0.046200 ms)

========================================================================
Received Import Request.
  Time since last request: 495.257439 seconds.
  path: Assets/VictorsAssets/TouchControlsKit-Lite/Content/FirstPersonExample/Prefabs/apiDemo.prefab
  artifactKey: Guid(1615a8c64f37f754688e256b8aca3e75) Importer(815301076,1909f56bfc062723c751e8b465ee728b)
Start importing Assets/VictorsAssets/TouchControlsKit-Lite/Content/FirstPersonExample/Prefabs/apiDemo.prefab using Guid(1615a8c64f37f754688e256b8aca3e75) Importer(815301076,1909f56bfc062723c751e8b465ee728b)  -> (artifact id: '7f5be792522204b9a83d9d3802eea22c') in 0.038325 seconds
  Import took 0.043954 seconds .

========================================================================
Received Import Request.
  Time since last request: 0.000452 seconds.
  path: Assets/TowerDefence_Vsquad/Prefabs/Cubes/HM_Grass_1.prefab
  artifactKey: Guid(64ee9c9da5098a141940ff4801cc9550) Importer(815301076,1909f56bfc062723c751e8b465ee728b)
Start importing Assets/TowerDefence_Vsquad/Prefabs/Cubes/HM_Grass_1.prefab using Guid(64ee9c9da5098a141940ff4801cc9550) Importer(815301076,1909f56bfc062723c751e8b465ee728b)  -> (artifact id: 'db8e3f94561786ec2f256f2a928d8900') in 0.068124 seconds
  Import took 0.071202 seconds .

========================================================================
Received Import Request.
  Time since last request: 0.000458 seconds.
  path: Assets/VictorsAssets/TouchControlsKit-Lite/Content/FirstPersonExample/Prefabs/scene.prefab
  artifactKey: Guid(25c9b849241678847a300f71dfbf64dd) Importer(815301076,1909f56bfc062723c751e8b465ee728b)
Start importing Assets/VictorsAssets/TouchControlsKit-Lite/Content/FirstPersonExample/Prefabs/scene.prefab using Guid(25c9b849241678847a300f71dfbf64dd) Importer(815301076,1909f56bfc062723c751e8b465ee728b)  -> (artifact id: '42bcc2e0754cd7d6dd25679674535a24') in 0.084705 seconds
  Import took 0.089413 seconds .

========================================================================
Received Import Request.
  Time since last request: 0.000383 seconds.
  path: Assets/VictorsAssets/TouchControlsKit-Lite/Content/FirstPersonExample/Prefabs/player.prefab
  artifactKey: Guid(b7c343d0e4d87664782a5ec20b9e2a7d) Importer(815301076,1909f56bfc062723c751e8b465ee728b)
Start importing Assets/VictorsAssets/TouchControlsKit-Lite/Content/FirstPersonExample/Prefabs/player.prefab using Guid(b7c343d0e4d87664782a5ec20b9e2a7d) Importer(815301076,1909f56bfc062723c751e8b465ee728b)  -> (artifact id: '2fe5d46317641b4cffc25ba166de5fc8') in 0.008408 seconds
  Import took 0.011277 seconds .

========================================================================
Received Import Request.
  Time since last request: 0.000360 seconds.
  path: Assets/TowerDefence_Vsquad/Prefabs/Cubes/HM_Road_1.prefab
  artifactKey: Guid(4e53a2150172782499487d541f323e35) Importer(815301076,1909f56bfc062723c751e8b465ee728b)
Start importing Assets/TowerDefence_Vsquad/Prefabs/Cubes/HM_Road_1.prefab using Guid(4e53a2150172782499487d541f323e35) Importer(815301076,1909f56bfc062723c751e8b465ee728b)  -> (artifact id: 'f26e2917d1ffda126f0f8ad1f2624658') in 0.019894 seconds
  Import took 0.024134 seconds .

========================================================================
Received Import Request.
  Time since last request: 0.000512 seconds.
  path: Assets/TowerDefence_Vsquad/Prefabs/Hits/HM_cannon_impact_1.prefab
  artifactKey: Guid(5bfd32998278cc44ea4a331c04bd5e45) Importer(815301076,1909f56bfc062723c751e8b465ee728b)
Start importing Assets/TowerDefence_Vsquad/Prefabs/Hits/HM_cannon_impact_1.prefab using Guid(5bfd32998278cc44ea4a331c04bd5e45) Importer(815301076,1909f56bfc062723c751e8b465ee728b)  -> (artifact id: 'a7f916ad16e76ec40607c2d8c9355235') in 0.012311 seconds
  Import took 0.017032 seconds .

========================================================================
Received Import Request.
  Time since last request: 0.000382 seconds.
  path: Assets/TowerDefence_Vsquad/Prefabs/Flora/Fir_4c.prefab
  artifactKey: Guid(a71b9d2a84ec9b74b9a3b28a0b490096) Importer(815301076,1909f56bfc062723c751e8b465ee728b)
Start importing Assets/TowerDefence_Vsquad/Prefabs/Flora/Fir_4c.prefab using Guid(a71b9d2a84ec9b74b9a3b28a0b490096) Importer(815301076,1909f56bfc062723c751e8b465ee728b)  -> (artifact id: '54a44819b92ea08d87d0ae200649e3d3') in 0.021853 seconds
  Import took 0.030976 seconds .

========================================================================
Received Import Request.
  Time since last request: 0.000359 seconds.
  path: Assets/TowerDefence_Vsquad/Prefabs/Flora/HM_House_1.prefab
  artifactKey: Guid(e29465159befc474182ece16f3f3916f) Importer(815301076,1909f56bfc062723c751e8b465ee728b)
Start importing Assets/TowerDefence_Vsquad/Prefabs/Flora/HM_House_1.prefab using Guid(e29465159befc474182ece16f3f3916f) Importer(815301076,1909f56bfc062723c751e8b465ee728b)  -> (artifact id: '1f29d5d0774a00fa7700d1b01f488d03') in 0.018858 seconds
  Import took 0.023231 seconds .

========================================================================
Received Import Request.
  Time since last request: 53.925901 seconds.
  path: Assets/TowerDefence_Vsquad/Prefabs/Buildings/HM_Fence1 1.prefab
  artifactKey: Guid(9b90ba2806b491e45988abb3485ada5b) Importer(815301076,1909f56bfc062723c751e8b465ee728b)
Start importing Assets/TowerDefence_Vsquad/Prefabs/Buildings/HM_Fence1 1.prefab using Guid(9b90ba2806b491e45988abb3485ada5b) Importer(815301076,1909f56bfc062723c751e8b465ee728b)  -> (artifact id: 'c050694e5c6a82bfc2f75ad049f956d4') in 0.017856 seconds
  Import took 0.021715 seconds .

========================================================================
Received Import Request.
  Time since last request: 13.909706 seconds.
  path: Assets/Prefabs/Fence.prefab
  artifactKey: Guid(9b90ba2806b491e45988abb3485ada5b) Importer(815301076,1909f56bfc062723c751e8b465ee728b)
Start importing Assets/Prefabs/Fence.prefab using Guid(9b90ba2806b491e45988abb3485ada5b) Importer(815301076,1909f56bfc062723c751e8b465ee728b)  -> (artifact id: '996d8c22e6f289fb9925121aecedaa67') in 0.016471 seconds
  Import took 0.020833 seconds .

========================================================================
Received Prepare
Registering precompiled user dll's ...
Registered in 0.000907 seconds.
Begin MonoManager ReloadAssembly
Native extension for WindowsStandalone target not found
Refreshing native plugins compatible for Editor in 0.42 ms, found 0 plugins.
Preloading 0 native plugins for Editor in 0.00 ms.
Invoked RoslynAnalysisRunner static constructor.
RoslynAnalysisRunner will not be running.
RoslynAnalysisRunner has terminated.
Mono: successfully reloaded assembly
- Completed reload, in  1.427 seconds
Platform modules already initialized, skipping
Refreshing native plugins compatible for Editor in 0.69 ms, found 0 plugins.
Preloading 0 native plugins for Editor in 0.00 ms.
Unloading 1243 Unused Serialized files (Serialized files now loaded: 0)
System memory in use before: 64.5 MB.
System memory in use after: 64.6 MB.

Unloading 17 unused Assets to reduce memory usage. Loaded Objects now: 1703.
Total: 3.524100 ms (FindLiveObjects: 0.332800 ms CreateObjectMapping: 0.117000 ms MarkObjects: 3.033600 ms  DeleteObjects: 0.038100 ms)

========================================================================
Received Prepare
Registering precompiled user dll's ...
Registered in 0.000919 seconds.
Begin MonoManager ReloadAssembly
Native extension for WindowsStandalone target not found
Refreshing native plugins compatible for Editor in 0.84 ms, found 0 plugins.
Preloading 0 native plugins for Editor in 0.00 ms.
Invoked RoslynAnalysisRunner static constructor.
RoslynAnalysisRunner will not be running.
RoslynAnalysisRunner has terminated.
Mono: successfully reloaded assembly
- Completed reload, in  1.424 seconds
Platform modules already initialized, skipping
Refreshing native plugins compatible for Editor in 37.65 ms, found 0 plugins.
Preloading 0 native plugins for Editor in 0.00 ms.
Unloading 1243 Unused Serialized files (Serialized files now loaded: 0)
System memory in use before: 64.5 MB.
System memory in use after: 64.6 MB.

Unloading 17 unused Assets to reduce memory usage. Loaded Objects now: 1706.
Total: 3.586000 ms (FindLiveObjects: 0.288200 ms CreateObjectMapping: 0.113100 ms MarkObjects: 3.142000 ms  DeleteObjects: 0.040400 ms)

========================================================================
Received Import Request.
  Time since last request: 1923.696561 seconds.
  path: Assets/TowerDefence_Vsquad/Prefabs/Characters/Goblin
  artifactKey: Guid(65dc8bbb94f367e4595ae53177a00ac8) Importer(815301076,1909f56bfc062723c751e8b465ee728b)
Start importing Assets/TowerDefence_Vsquad/Prefabs/Characters/Goblin using Guid(65dc8bbb94f367e4595ae53177a00ac8) Importer(815301076,1909f56bfc062723c751e8b465ee728b)  -> (artifact id: '4f99d688aef7c809031271010a75de80') in 0.008883 seconds
  Import took 0.013120 seconds .

========================================================================
Received Import Request.
  Time since last request: 0.001418 seconds.
  path: Assets/TowerDefence_Vsquad/Prefabs/Characters/Goblin
  artifactKey: Guid(65dc8bbb94f367e4595ae53177a00ac8) Importer(815301076,1909f56bfc062723c751e8b465ee728b)
Start importing Assets/TowerDefence_Vsquad/Prefabs/Characters/Goblin using Guid(65dc8bbb94f367e4595ae53177a00ac8) Importer(815301076,1909f56bfc062723c751e8b465ee728b)  -> (artifact id: '4f99d688aef7c809031271010a75de80') in 0.004519 seconds
  Import took 0.011867 seconds .

========================================================================
Received Import Request.
  Time since last request: 3.302757 seconds.
  path: Assets/TowerDefence_Vsquad/Prefabs/Characters/Goblin/Goblin_test 1.prefab
  artifactKey: Guid(64e30ada652d2c54bb455c98b95c179c) Importer(815301076,1909f56bfc062723c751e8b465ee728b)
Start importing Assets/TowerDefence_Vsquad/Prefabs/Characters/Goblin/Goblin_test 1.prefab using Guid(64e30ada652d2c54bb455c98b95c179c) Importer(815301076,1909f56bfc062723c751e8b465ee728b)  -> (artifact id: '1021d175863b95eaa34b17e17d9db551') in 0.255678 seconds
  Import took 0.261278 seconds .

========================================================================
Received Import Request.
  Time since last request: 47.976734 seconds.
  path: Assets/TowerDefence_Vsquad/Prefabs/Characters
  artifactKey: Guid(a5b49000c29312340ab32d91e72eee78) Importer(815301076,1909f56bfc062723c751e8b465ee728b)
Start importing Assets/TowerDefence_Vsquad/Prefabs/Characters using Guid(a5b49000c29312340ab32d91e72eee78) Importer(815301076,1909f56bfc062723c751e8b465ee728b)  -> (artifact id: 'fa6ca69f2b20d37ff4f19aa2aa308316') in 0.004653 seconds
  Import took 0.009537 seconds .

========================================================================
Received Import Request.
  Time since last request: 0.001456 seconds.
  path: Assets/TowerDefence_Vsquad/Prefabs/Characters
  artifactKey: Guid(a5b49000c29312340ab32d91e72eee78) Importer(815301076,1909f56bfc062723c751e8b465ee728b)
Start importing Assets/TowerDefence_Vsquad/Prefabs/Characters using Guid(a5b49000c29312340ab32d91e72eee78) Importer(815301076,1909f56bfc062723c751e8b465ee728b)  -> (artifact id: 'fa6ca69f2b20d37ff4f19aa2aa308316') in 0.003482 seconds
  Import took 0.007579 seconds .

========================================================================
Received Prepare
Registering precompiled user dll's ...
Registered in 0.001715 seconds.
Begin MonoManager ReloadAssembly
Native extension for WindowsStandalone target not found
Refreshing native plugins compatible for Editor in 0.74 ms, found 0 plugins.
Preloading 0 native plugins for Editor in 0.00 ms.
Invoked RoslynAnalysisRunner static constructor.
RoslynAnalysisRunner will not be running.
RoslynAnalysisRunner has terminated.
Mono: successfully reloaded assembly
- Completed reload, in 14.174 seconds
Platform modules already initialized, skipping
Refreshing native plugins compatible for Editor in 0.68 ms, found 0 plugins.
Preloading 0 native plugins for Editor in 0.00 ms.
Unloading 1243 Unused Serialized files (Serialized files now loaded: 0)
System memory in use before: 78.2 MB.
System memory in use after: 78.3 MB.

Unloading 17 unused Assets to reduce memory usage. Loaded Objects now: 1712.
Total: 3.601500 ms (FindLiveObjects: 0.591500 ms CreateObjectMapping: 0.116300 ms MarkObjects: 2.853800 ms  DeleteObjects: 0.037000 ms)

========================================================================
Received Import Request.
  Time since last request: 474.899103 seconds.
  path: Assets/Scenes/GameScene.unity
  artifactKey: Guid(9fc0d4010bbf28b4594072e72b8655ab) Importer(815301076,1909f56bfc062723c751e8b465ee728b)
Start importing Assets/Scenes/GameScene.unity using Guid(9fc0d4010bbf28b4594072e72b8655ab) Importer(815301076,1909f56bfc062723c751e8b465ee728b)  -> (artifact id: '33a2f747d050c31332dd347df5aead71') in 0.026846 seconds
  Import took 0.031376 seconds .

========================================================================
Received Import Request.
  Time since last request: 180.148053 seconds.
  path: Assets/Scenes/GameScene.unity
  artifactKey: Guid(9fc0d4010bbf28b4594072e72b8655ab) Importer(815301076,1909f56bfc062723c751e8b465ee728b)
Start importing Assets/Scenes/GameScene.unity using Guid(9fc0d4010bbf28b4594072e72b8655ab) Importer(815301076,1909f56bfc062723c751e8b465ee728b)  -> (artifact id: '332b7cedb9b92780d8215a0bfdbaee02') in 0.021843 seconds
  Import took 0.025905 seconds .

========================================================================
Received Import Request.
  Time since last request: 21.528914 seconds.
  path: Assets/Prefabs/Goblin.prefab
  artifactKey: Guid(64e30ada652d2c54bb455c98b95c179c) Importer(815301076,1909f56bfc062723c751e8b465ee728b)
Start importing Assets/Prefabs/Goblin.prefab using Guid(64e30ada652d2c54bb455c98b95c179c) Importer(815301076,1909f56bfc062723c751e8b465ee728b)  -> (artifact id: '1fe58ca15d502eff5d5e1f19eae1f08f') in 0.125977 seconds
  Import took 0.130192 seconds .

========================================================================
Received Prepare
Registering precompiled user dll's ...
Registered in 0.000948 seconds.
Begin MonoManager ReloadAssembly
Native extension for WindowsStandalone target not found
Refreshing native plugins compatible for Editor in 0.85 ms, found 0 plugins.
Preloading 0 native plugins for Editor in 0.00 ms.
Invoked RoslynAnalysisRunner static constructor.
RoslynAnalysisRunner will not be running.
RoslynAnalysisRunner has terminated.
Mono: successfully reloaded assembly
- Completed reload, in  1.539 seconds
Platform modules already initialized, skipping
Refreshing native plugins compatible for Editor in 0.67 ms, found 0 plugins.
Preloading 0 native plugins for Editor in 0.00 ms.
Unloading 1243 Unused Serialized files (Serialized files now loaded: 0)
System memory in use before: 78.2 MB.
System memory in use after: 78.3 MB.

Unloading 17 unused Assets to reduce memory usage. Loaded Objects now: 1716.
Total: 6.179800 ms (FindLiveObjects: 0.307400 ms CreateObjectMapping: 0.132200 ms MarkObjects: 5.657200 ms  DeleteObjects: 0.080800 ms)

========================================================================
Received Prepare
Registering precompiled user dll's ...
Registered in 0.001984 seconds.
Begin MonoManager ReloadAssembly
Native extension for WindowsStandalone target not found
Refreshing native plugins compatible for Editor in 0.70 ms, found 0 plugins.
Preloading 0 native plugins for Editor in 0.00 ms.
Invoked RoslynAnalysisRunner static constructor.
RoslynAnalysisRunner will not be running.
RoslynAnalysisRunner has terminated.
Mono: successfully reloaded assembly
- Completed reload, in  1.542 seconds
Platform modules already initialized, skipping
Refreshing native plugins compatible for Editor in 0.77 ms, found 0 plugins.
Preloading 0 native plugins for Editor in 0.00 ms.
Unloading 1243 Unused Serialized files (Serialized files now loaded: 0)
System memory in use before: 78.2 MB.
System memory in use after: 78.3 MB.

Unloading 17 unused Assets to reduce memory usage. Loaded Objects now: 1719.
Total: 5.074600 ms (FindLiveObjects: 1.420200 ms CreateObjectMapping: 0.395200 ms MarkObjects: 3.204900 ms  DeleteObjects: 0.052000 ms)

========================================================================
Received Prepare
Registering precompiled user dll's ...
Registered in 0.001478 seconds.
Begin MonoManager ReloadAssembly
Native extension for WindowsStandalone target not found
Refreshing native plugins compatible for Editor in 0.45 ms, found 0 plugins.
Preloading 0 native plugins for Editor in 0.00 ms.
Invoked RoslynAnalysisRunner static constructor.
RoslynAnalysisRunner will not be running.
RoslynAnalysisRunner has terminated.
Mono: successfully reloaded assembly
- Completed reload, in  1.467 seconds
Platform modules already initialized, skipping
Refreshing native plugins compatible for Editor in 0.67 ms, found 0 plugins.
Preloading 0 native plugins for Editor in 0.00 ms.
Unloading 1243 Unused Serialized files (Serialized files now loaded: 0)
System memory in use before: 78.2 MB.
System memory in use after: 78.3 MB.

Unloading 17 unused Assets to reduce memory usage. Loaded Objects now: 1722.
Total: 3.334300 ms (FindLiveObjects: 0.261500 ms CreateObjectMapping: 0.081600 ms MarkObjects: 2.950100 ms  DeleteObjects: 0.038200 ms)

========================================================================
Received Prepare
Registering precompiled user dll's ...
Registered in 0.002097 seconds.
Begin MonoManager ReloadAssembly
Native extension for WindowsStandalone target not found
Refreshing native plugins compatible for Editor in 0.45 ms, found 0 plugins.
Preloading 0 native plugins for Editor in 0.00 ms.
Invoked RoslynAnalysisRunner static constructor.
RoslynAnalysisRunner will not be running.
RoslynAnalysisRunner has terminated.
Mono: successfully reloaded assembly
- Completed reload, in  1.150 seconds
Platform modules already initialized, skipping
Refreshing native plugins compatible for Editor in 0.82 ms, found 0 plugins.
Preloading 0 native plugins for Editor in 0.00 ms.
Unloading 1243 Unused Serialized files (Serialized files now loaded: 0)
System memory in use before: 78.2 MB.
System memory in use after: 78.3 MB.

Unloading 17 unused Assets to reduce memory usage. Loaded Objects now: 1725.
Total: 20.357900 ms (FindLiveObjects: 0.299900 ms CreateObjectMapping: 0.119100 ms MarkObjects: 19.896900 ms  DeleteObjects: 0.039100 ms)

========================================================================
Received Import Request.
  Time since last request: 1174.438479 seconds.
  path: Assets/TowerDefence_Vsquad/Prefabs/Hits
  artifactKey: Guid(d0e5c20cc16edcb42ab52f02a501d7db) Importer(815301076,1909f56bfc062723c751e8b465ee728b)
Start importing Assets/TowerDefence_Vsquad/Prefabs/Hits using Guid(d0e5c20cc16edcb42ab52f02a501d7db) Importer(815301076,1909f56bfc062723c751e8b465ee728b)  -> (artifact id: '3a587504e5c6de34f06c4b433cba3dc0') in 0.009739 seconds
  Import took 0.013591 seconds .

========================================================================
Received Import Request.
  Time since last request: 3.556772 seconds.
  path: Assets/TowerDefence_Vsquad/Prefabs/Buildings
  artifactKey: Guid(0d9bf2ee602cfe94eb9db94dc1c81dc1) Importer(815301076,1909f56bfc062723c751e8b465ee728b)
Start importing Assets/TowerDefence_Vsquad/Prefabs/Buildings using Guid(0d9bf2ee602cfe94eb9db94dc1c81dc1) Importer(815301076,1909f56bfc062723c751e8b465ee728b)  -> (artifact id: 'f326c6dc23ef8b25a8ba2a8c8880c05f') in 0.004998 seconds
  Import took 0.009865 seconds .

========================================================================
Received Import Request.
  Time since last request: 0.001466 seconds.
  path: Assets/TowerDefence_Vsquad/Prefabs/Buildings
  artifactKey: Guid(0d9bf2ee602cfe94eb9db94dc1c81dc1) Importer(815301076,1909f56bfc062723c751e8b465ee728b)
Start importing Assets/TowerDefence_Vsquad/Prefabs/Buildings using Guid(0d9bf2ee602cfe94eb9db94dc1c81dc1) Importer(815301076,1909f56bfc062723c751e8b465ee728b)  -> (artifact id: 'f326c6dc23ef8b25a8ba2a8c8880c05f') in 0.004554 seconds
  Import took 0.008814 seconds .

========================================================================
Received Import Request.
  Time since last request: 7.918760 seconds.
  path: Assets/TowerDefence_Vsquad/Prefabs/Cubes
  artifactKey: Guid(b60bfa35d761f4e428bb76eb0134ce7b) Importer(815301076,1909f56bfc062723c751e8b465ee728b)
Start importing Assets/TowerDefence_Vsquad/Prefabs/Cubes using Guid(b60bfa35d761f4e428bb76eb0134ce7b) Importer(815301076,1909f56bfc062723c751e8b465ee728b)  -> (artifact id: 'f03f18560d0b5b27a4ae67962e8f66c8') in 0.003947 seconds
  Import took 0.008170 seconds .

========================================================================
Received Import Request.
  Time since last request: 0.002477 seconds.
  path: Assets/TowerDefence_Vsquad/Prefabs/Cubes
  artifactKey: Guid(b60bfa35d761f4e428bb76eb0134ce7b) Importer(815301076,1909f56bfc062723c751e8b465ee728b)
Start importing Assets/TowerDefence_Vsquad/Prefabs/Cubes using Guid(b60bfa35d761f4e428bb76eb0134ce7b) Importer(815301076,1909f56bfc062723c751e8b465ee728b)  -> (artifact id: 'f03f18560d0b5b27a4ae67962e8f66c8') in 0.003825 seconds
  Import took 0.007498 seconds .

========================================================================
Received Import Request.
  Time since last request: 3.770966 seconds.
  path: Assets/TowerDefence_Vsquad/Prefabs/Flora
  artifactKey: Guid(b5ae83602309b8149a591c3f7de71338) Importer(815301076,1909f56bfc062723c751e8b465ee728b)
Start importing Assets/TowerDefence_Vsquad/Prefabs/Flora using Guid(b5ae83602309b8149a591c3f7de71338) Importer(815301076,1909f56bfc062723c751e8b465ee728b)  -> (artifact id: '0c001b588071ad1e139927f218f8d274') in 0.005204 seconds
  Import took 0.009323 seconds .

========================================================================
Received Import Request.
  Time since last request: 0.002431 seconds.
  path: Assets/TowerDefence_Vsquad/Prefabs/Flora
  artifactKey: Guid(b5ae83602309b8149a591c3f7de71338) Importer(815301076,1909f56bfc062723c751e8b465ee728b)
Start importing Assets/TowerDefence_Vsquad/Prefabs/Flora using Guid(b5ae83602309b8149a591c3f7de71338) Importer(815301076,1909f56bfc062723c751e8b465ee728b)  -> (artifact id: '0c001b588071ad1e139927f218f8d274') in 0.004311 seconds
  Import took 0.007719 seconds .

========================================================================
Received Import Request.
  Time since last request: 10.402032 seconds.
  path: Assets/TowerDefence_Vsquad/Prefabs/script_objects
  artifactKey: Guid(1a1e8e6e92f06434f84b92e128759d23) Importer(815301076,1909f56bfc062723c751e8b465ee728b)
Start importing Assets/TowerDefence_Vsquad/Prefabs/script_objects using Guid(1a1e8e6e92f06434f84b92e128759d23) Importer(815301076,1909f56bfc062723c751e8b465ee728b)  -> (artifact id: 'ae8fa32dbe0601ac09a92a93f0a64725') in 0.005756 seconds
  Import took 0.010013 seconds .

========================================================================
Received Import Request.
  Time since last request: 0.000518 seconds.
  path: Assets/TowerDefence_Vsquad/Prefabs/script_objects
  artifactKey: Guid(1a1e8e6e92f06434f84b92e128759d23) Importer(815301076,1909f56bfc062723c751e8b465ee728b)
Start importing Assets/TowerDefence_Vsquad/Prefabs/script_objects using Guid(1a1e8e6e92f06434f84b92e128759d23) Importer(815301076,1909f56bfc062723c751e8b465ee728b)  -> (artifact id: 'ae8fa32dbe0601ac09a92a93f0a64725') in 0.004943 seconds
  Import took 0.008816 seconds .

========================================================================
Received Import Request.
  Time since last request: 53.079168 seconds.
  path: Assets/Scenes/GameScene.unity
  artifactKey: Guid(9fc0d4010bbf28b4594072e72b8655ab) Importer(815301076,1909f56bfc062723c751e8b465ee728b)
Start importing Assets/Scenes/GameScene.unity using Guid(9fc0d4010bbf28b4594072e72b8655ab) Importer(815301076,1909f56bfc062723c751e8b465ee728b)  -> (artifact id: '9c328b01d2a94cebe826ea0f3cd0098e') in 0.015728 seconds
  Import took 0.018885 seconds .

========================================================================
Received Prepare
Registering precompiled user dll's ...
Registered in 0.001313 seconds.
Begin MonoManager ReloadAssembly
Native extension for WindowsStandalone target not found
Refreshing native plugins compatible for Editor in 0.45 ms, found 0 plugins.
Preloading 0 native plugins for Editor in 0.00 ms.
Invoked RoslynAnalysisRunner static constructor.
RoslynAnalysisRunner will not be running.
RoslynAnalysisRunner has terminated.
Mono: successfully reloaded assembly
- Completed reload, in  2.442 seconds
Platform modules already initialized, skipping
Refreshing native plugins compatible for Editor in 0.84 ms, found 0 plugins.
Preloading 0 native plugins for Editor in 0.00 ms.
Unloading 1243 Unused Serialized files (Serialized files now loaded: 0)
System memory in use before: 78.2 MB.
System memory in use after: 78.3 MB.

Unloading 17 unused Assets to reduce memory usage. Loaded Objects now: 1728.
Total: 3.205500 ms (FindLiveObjects: 0.288700 ms CreateObjectMapping: 0.108900 ms MarkObjects: 2.765700 ms  DeleteObjects: 0.040100 ms)

========================================================================
Received Import Request.
  Time since last request: 524.316794 seconds.
  path: Assets/Scenes/GameScene.unity
  artifactKey: Guid(9fc0d4010bbf28b4594072e72b8655ab) Importer(815301076,1909f56bfc062723c751e8b465ee728b)
Start importing Assets/Scenes/GameScene.unity using Guid(9fc0d4010bbf28b4594072e72b8655ab) Importer(815301076,1909f56bfc062723c751e8b465ee728b)  -> (artifact id: '1261d7c357d2837b8f0542ccc0f1fec9') in 0.022502 seconds
  Import took 0.025596 seconds .

========================================================================
Received Prepare
Registering precompiled user dll's ...
Registered in 0.001733 seconds.
Begin MonoManager ReloadAssembly
Native extension for WindowsStandalone target not found
Refreshing native plugins compatible for Editor in 0.49 ms, found 0 plugins.
Preloading 0 native plugins for Editor in 0.00 ms.
Invoked RoslynAnalysisRunner static constructor.
RoslynAnalysisRunner will not be running.
RoslynAnalysisRunner has terminated.
Mono: successfully reloaded assembly
- Completed reload, in  1.520 seconds
Platform modules already initialized, skipping
Refreshing native plugins compatible for Editor in 0.73 ms, found 0 plugins.
Preloading 0 native plugins for Editor in 0.00 ms.
Unloading 1243 Unused Serialized files (Serialized files now loaded: 0)
System memory in use before: 78.3 MB.
System memory in use after: 78.4 MB.

Unloading 17 unused Assets to reduce memory usage. Loaded Objects now: 1731.
Total: 4.202200 ms (FindLiveObjects: 0.458000 ms CreateObjectMapping: 0.114700 ms MarkObjects: 3.591000 ms  DeleteObjects: 0.035800 ms)

========================================================================
Received Import Request.
  Time since last request: 147.236439 seconds.
  path: ProjectSettings/TagManager.asset
  artifactKey: Guid(00000000000000003000000000000000) Importer(815301076,1909f56bfc062723c751e8b465ee728b)
Start importing ProjectSettings/TagManager.asset using Guid(00000000000000003000000000000000) Importer(815301076,1909f56bfc062723c751e8b465ee728b)  -> (artifact id: 'd0bff546b86aa402a6e5d54b53f9bcfc') in 0.057210 seconds
  Import took 0.062202 seconds .

========================================================================
Received Prepare
Registering precompiled user dll's ...
Registered in 0.001339 seconds.
Begin MonoManager ReloadAssembly
Native extension for WindowsStandalone target not found
Refreshing native plugins compatible for Editor in 0.58 ms, found 0 plugins.
Preloading 0 native plugins for Editor in 0.00 ms.
Invoked RoslynAnalysisRunner static constructor.
RoslynAnalysisRunner will not be running.
RoslynAnalysisRunner has terminated.
Mono: successfully reloaded assembly
- Completed reload, in  1.463 seconds
Platform modules already initialized, skipping
Refreshing native plugins compatible for Editor in 0.95 ms, found 0 plugins.
Preloading 0 native plugins for Editor in 0.00 ms.
Unloading 1243 Unused Serialized files (Serialized files now loaded: 0)
System memory in use before: 78.3 MB.
System memory in use after: 78.4 MB.

Unloading 18 unused Assets to reduce memory usage. Loaded Objects now: 1734.
Total: 3.478600 ms (FindLiveObjects: 0.435400 ms CreateObjectMapping: 0.157300 ms MarkObjects: 2.841700 ms  DeleteObjects: 0.041700 ms)

========================================================================
Received Prepare
Registering precompiled user dll's ...
Registered in 0.001407 seconds.
Begin MonoManager ReloadAssembly
Native extension for WindowsStandalone target not found
Refreshing native plugins compatible for Editor in 0.41 ms, found 0 plugins.
Preloading 0 native plugins for Editor in 0.00 ms.
Invoked RoslynAnalysisRunner static constructor.
RoslynAnalysisRunner will not be running.
RoslynAnalysisRunner has terminated.
Mono: successfully reloaded assembly
- Completed reload, in  1.141 seconds
Platform modules already initialized, skipping
Refreshing native plugins compatible for Editor in 0.69 ms, found 0 plugins.
Preloading 0 native plugins for Editor in 0.00 ms.
Unloading 1243 Unused Serialized files (Serialized files now loaded: 0)
System memory in use before: 78.3 MB.
System memory in use after: 78.4 MB.

Unloading 17 unused Assets to reduce memory usage. Loaded Objects now: 1737.
Total: 11.925700 ms (FindLiveObjects: 0.358000 ms CreateObjectMapping: 0.129200 ms MarkObjects: 11.400700 ms  DeleteObjects: 0.035700 ms)

========================================================================
Received Prepare
Registering precompiled user dll's ...
Registered in 0.002389 seconds.
Begin MonoManager ReloadAssembly
Native extension for WindowsStandalone target not found
Refreshing native plugins compatible for Editor in 0.46 ms, found 0 plugins.
Preloading 0 native plugins for Editor in 0.00 ms.
Invoked RoslynAnalysisRunner static constructor.
RoslynAnalysisRunner will not be running.
RoslynAnalysisRunner has terminated.
Mono: successfully reloaded assembly
- Completed reload, in  1.162 seconds
Platform modules already initialized, skipping
Refreshing native plugins compatible for Editor in 0.69 ms, found 0 plugins.
Preloading 0 native plugins for Editor in 0.00 ms.
Unloading 1243 Unused Serialized files (Serialized files now loaded: 0)
System memory in use before: 78.3 MB.
System memory in use after: 78.4 MB.

Unloading 17 unused Assets to reduce memory usage. Loaded Objects now: 1740.
Total: 3.489800 ms (FindLiveObjects: 0.276700 ms CreateObjectMapping: 0.095900 ms MarkObjects: 3.080300 ms  DeleteObjects: 0.034400 ms)

========================================================================
Received Prepare
Registering precompiled user dll's ...
Registered in 0.001059 seconds.
Begin MonoManager ReloadAssembly
Native extension for WindowsStandalone target not found
Refreshing native plugins compatible for Editor in 0.52 ms, found 0 plugins.
Preloading 0 native plugins for Editor in 0.00 ms.
Invoked RoslynAnalysisRunner static constructor.
RoslynAnalysisRunner will not be running.
RoslynAnalysisRunner has terminated.
Mono: successfully reloaded assembly
- Completed reload, in  1.416 seconds
Platform modules already initialized, skipping
Refreshing native plugins compatible for Editor in 2.21 ms, found 0 plugins.
Preloading 0 native plugins for Editor in 0.00 ms.
Unloading 1243 Unused Serialized files (Serialized files now loaded: 0)
System memory in use before: 78.3 MB.
System memory in use after: 78.4 MB.

Unloading 17 unused Assets to reduce memory usage. Loaded Objects now: 1743.
Total: 4.307200 ms (FindLiveObjects: 0.277400 ms CreateObjectMapping: 0.096400 ms MarkObjects: 3.894200 ms  DeleteObjects: 0.036700 ms)

========================================================================
Received Prepare
Registering precompiled user dll's ...
Registered in 0.002367 seconds.
Begin MonoManager ReloadAssembly
Native extension for WindowsStandalone target not found
Refreshing native plugins compatible for Editor in 0.59 ms, found 0 plugins.
Preloading 0 native plugins for Editor in 0.00 ms.
Invoked RoslynAnalysisRunner static constructor.
RoslynAnalysisRunner will not be running.
RoslynAnalysisRunner has terminated.
Mono: successfully reloaded assembly
- Completed reload, in  1.526 seconds
Platform modules already initialized, skipping
Refreshing native plugins compatible for Editor in 0.78 ms, found 0 plugins.
Preloading 0 native plugins for Editor in 0.00 ms.
Unloading 1243 Unused Serialized files (Serialized files now loaded: 0)
System memory in use before: 78.3 MB.
System memory in use after: 78.4 MB.

Unloading 17 unused Assets to reduce memory usage. Loaded Objects now: 1746.
Total: 3.238900 ms (FindLiveObjects: 0.285600 ms CreateObjectMapping: 0.097100 ms MarkObjects: 2.817000 ms  DeleteObjects: 0.037400 ms)

========================================================================
Received Prepare
Registering precompiled user dll's ...
Registered in 0.001015 seconds.
Begin MonoManager ReloadAssembly
Native extension for WindowsStandalone target not found
Refreshing native plugins compatible for Editor in 0.52 ms, found 0 plugins.
Preloading 0 native plugins for Editor in 0.00 ms.
Invoked RoslynAnalysisRunner static constructor.
RoslynAnalysisRunner will not be running.
RoslynAnalysisRunner has terminated.
Mono: successfully reloaded assembly
- Completed reload, in  1.447 seconds
Platform modules already initialized, skipping
Refreshing native plugins compatible for Editor in 0.69 ms, found 0 plugins.
Preloading 0 native plugins for Editor in 0.00 ms.
Unloading 1243 Unused Serialized files (Serialized files now loaded: 0)
System memory in use before: 78.3 MB.
System memory in use after: 78.4 MB.

Unloading 17 unused Assets to reduce memory usage. Loaded Objects now: 1749.
Total: 3.389600 ms (FindLiveObjects: 0.286000 ms CreateObjectMapping: 0.104600 ms MarkObjects: 2.959100 ms  DeleteObjects: 0.037300 ms)

========================================================================
Received Prepare
Registering precompiled user dll's ...
Registered in 0.001590 seconds.
Begin MonoManager ReloadAssembly
Native extension for WindowsStandalone target not found
Refreshing native plugins compatible for Editor in 0.43 ms, found 0 plugins.
Preloading 0 native plugins for Editor in 0.00 ms.
Invoked RoslynAnalysisRunner static constructor.
RoslynAnalysisRunner will not be running.
RoslynAnalysisRunner has terminated.
Mono: successfully reloaded assembly
- Completed reload, in  1.381 seconds
Platform modules already initialized, skipping
Refreshing native plugins compatible for Editor in 0.68 ms, found 0 plugins.
Preloading 0 native plugins for Editor in 0.00 ms.
Unloading 1243 Unused Serialized files (Serialized files now loaded: 0)
System memory in use before: 78.3 MB.
System memory in use after: 78.4 MB.

Unloading 17 unused Assets to reduce memory usage. Loaded Objects now: 1752.
Total: 3.729900 ms (FindLiveObjects: 0.297700 ms CreateObjectMapping: 0.107500 ms MarkObjects: 3.286100 ms  DeleteObjects: 0.035900 ms)

AssetImportWorkerClient::OnTransportError - code=2 error=End of file
